Arguments: 
  C:\Program Files\nodejs\node.exe C:\Users\itzbu\AppData\Roaming\npm\node_modules\yarn\bin\yarn.js add hypixelts

PATH: 
  C:\Program Files\Alacritty\;C:\Python311\Scripts\;C:\Python311\;c:\Users\itzbu\AppData\Local\Programs\cursor\resources\app\bin;C:\Program Files\Eclipse Adoptium\jdk-8.0.362.9-hotspot\bin;C:\Program Files\Oculus\Support\oculus-runtime;C:\Program Files\Eclipse Adoptium\jdk-11.0.16.8-hotspot\bin;C:\Python310\Scripts\;C:\Python310\;C:\Program Files (x86)\Common Files\Oracle\Java\javapath;C:\WINDOWS\system32;C:\WINDOWS;C:\WINDOWS\System32\Wbem;C:\WINDOWS\System32\WindowsPowerShell\v1.0\;C:\WINDOWS\System32\OpenSSH\;C:\Program Files\NVIDIA Corporation\NVIDIA NvDLISR;C:\Program Files (x86)\NVIDIA Corporation\PhysX\Common;C:\Program Files\Git\cmd;C:\ProgramData\chocolatey\bin;C:\Program Files\Docker\Docker\resources\bin;C:\ProgramData\DockerDesktop\version-bin;C:\Program Files\WireGuard\;C:\Program Files (x86)\Tailscale IPN;C:\Program Files\dotnet\;C:\Program Files\Cloudflare\Cloudflare WARP\;C:\WINDOWS\system32;C:\WINDOWS;C:\WINDOWS\System32\Wbem;C:\WINDOWS\System32\WindowsPowerShell\v1.0\;C:\WINDOWS\System32\Ope;C:\Program Files\nodejs\;C:\Program Files (x86)\Bitvise SSH Client;C:\Program Files (x86)\Tailscale IPN\;c:\Users\itzbu\AppData\Local\Programs\cursor-nightly\resources\app\bin;C:\Users\itzbu\.cargo\bin;C:\Users\itzbu\scoop\shims;C:\Users\itzbu\AppData\Local\Microsoft\WindowsApps;C:\Users\itzbu\AppData\Local\Programs\Microsoft VS Code\bin;C:\Program Files\JetBrains\IntelliJ IDEA 2022.1.3\bin;C:\Users\itzbu\AppData\Local\JetBrains\Toolbox\scripts;C:\Users\itzbu\AppData\Local\Microsoft\WindowsApps;C:\Users\itzbu\.dotnet\tools;C:\Users\itzbu\AppData\Local\gitkraken\bin;C:\Users\itzbu\AppData\Roaming\npm;C:\Program Files (x86)\Nmap

Yarn version: 
  1.22.17

Node version: 
  20.5.1

Platform: 
  win32 x64

Trace: 
  Error: https://registry.yarnpkg.com/hypixelts: Not found
      at params.callback [as _callback] (C:\Users\itzbu\AppData\Roaming\npm\node_modules\yarn\lib\cli.js:67029:18)
      at self.callback (C:\Users\itzbu\AppData\Roaming\npm\node_modules\yarn\lib\cli.js:140883:22)
      at Request.emit (node:events:514:28)
      at Request.<anonymous> (C:\Users\itzbu\AppData\Roaming\npm\node_modules\yarn\lib\cli.js:141855:10)
      at Request.emit (node:events:514:28)
      at IncomingMessage.<anonymous> (C:\Users\itzbu\AppData\Roaming\npm\node_modules\yarn\lib\cli.js:141777:12)
      at Object.onceWrapper (node:events:628:28)
      at IncomingMessage.emit (node:events:526:35)
      at endReadableNT (node:internal/streams/readable:1376:12)
      at process.processTicksAndRejections (node:internal/process/task_queues:82:21)

npm manifest: 
  {
    "name": "stellar",
    "version": "1.0.0",
    "description": "",
    "main": "index.js",
    "scripts": {
      "test": "echo \"Error: no test specified\" && exit 1"
    },
    "keywords": [],
    "author": "",
    "license": "ISC",
    "dependencies": {
      "discord.js": "^14.14.1",
      "node-redis": "^0.1.7"
    }
  }

yarn manifest: 
  No manifest

Lockfile: 
  No lockfile
